<?xml version="1.0" encoding="utf-8"?><testsuites name="pytest tests"><testsuite name="pytest" errors="0" failures="0" skipped="0" tests="10" time="12.172" timestamp="2026-06-17T03:27:16.165851+00:00" hostname="agent-env-7d801fd9-34e6-4069-afd7-ac7a6a3fb50c"><testcase classname="backend.tests.test_iteration8_bulk_nudge.TestBulkNudgeBasics" name="test_requires_auth" time="1.947" /><testcase classname="backend.tests.test_iteration8_bulk_nudge.TestBulkNudgeBasics" name="test_empty_ids_returns_400" time="0.149" /><testcase classname="backend.tests.test_iteration8_bulk_nudge.TestBulkNudgeBasics" name="test_response_shape" time="0.206" /><testcase classname="backend.tests.test_iteration8_bulk_nudge.TestBulkNudgeStatusFiltering" name="test_nudges_pending_acceptance_and_in_progress" time="0.651" /><testcase classname="backend.tests.test_iteration8_bulk_nudge.TestBulkNudgeStatusFiltering" name="test_skips_terminal_statuses" time="1.188" /><testcase classname="backend.tests.test_iteration8_bulk_nudge.TestBulkNudgeStatusFiltering" name="test_skips_unknown_ids" time="0.097" /><testcase classname="backend.tests.test_iteration8_bulk_nudge.TestBulkNudgeScale" name="test_50_ids_consistency_and_notifications" time="6.630" /><testcase classname="backend.tests.test_iteration8_bulk_nudge.TestNotificationKindLiteral" name="test_nudge_manual_does_not_warn" time="0.705" /><testcase classname="backend.tests.test_iteration8_bulk_nudge.TestNotificationKindLiteral" name="test_known_kinds_are_in_literal" time="0.085" /><testcase classname="backend.tests.test_iteration8_bulk_nudge.TestPerRowNudgeRegression" name="test_single_nudge_creates_one_notification" time="0.434" /></testsuite></testsuites>