<?xml version="1.0" encoding="utf-8"?><testsuites name="pytest tests"><testsuite name="pytest" errors="0" failures="7" skipped="0" tests="26" time="8.969" timestamp="2026-06-17T00:05:55.920495+00:00" hostname="agent-env-7d801fd9-34e6-4069-afd7-ac7a6a3fb50c"><testcase classname="backend.tests.test_iteration3_features.TestUserTeamDesignation" name="test_login_returns_team_designation" time="2.182" /><testcase classname="backend.tests.test_iteration3_features.TestUserTeamDesignation" name="test_me_returns_team_designation" time="0.142" /><testcase classname="backend.tests.test_iteration3_features.TestUserTeamDesignation" name="test_users_list_has_team_designation" time="0.121" /><testcase classname="backend.tests.test_iteration3_features.TestUserTeamDesignation" name="test_register_accepts_team_designation" time="0.099"><failure message="AssertionError: Internal Server Error&#10;assert 500 == 200&#10; +  where 500 = &lt;Response [500]&gt;.status_code">backend/tests/test_iteration3_features.py:130: in test_register_accepts_team_designation
    assert r.status_code == 200, r.text
E   AssertionError: Internal Server Error
E   assert 500 == 200
E    +  where 500 = &lt;Response [500]&gt;.status_code</failure></testcase><testcase classname="backend.tests.test_iteration3_features.TestUserTeamDesignation" name="test_register_defaults_team_designation_empty" time="0.100"><failure message="AssertionError: Internal Server Error&#10;assert 500 == 200&#10; +  where 500 = &lt;Response [500]&gt;.status_code">backend/tests/test_iteration3_features.py:139: in test_register_defaults_team_designation_empty
    assert r.status_code == 200, r.text
E   AssertionError: Internal Server Error
E   assert 500 == 200
E    +  where 500 = &lt;Response [500]&gt;.status_code</failure></testcase><testcase classname="backend.tests.test_iteration3_features.TestScoreRequestType" name="test_score_with_request_type_succeeds" time="0.101"><failure message="AssertionError: {&quot;detail&quot;:[{&quot;type&quot;:&quot;missing&quot;,&quot;loc&quot;:[&quot;body&quot;,&quot;content_type&quot;],&quot;msg&quot;:&quot;Field required&quot;,&quot;input&quot;:{&quot;title&quot;:&quot;TEST_IT3_score&quot;,&quot;request_type&quot;:&quot;internal_newsletter&quot;,&quot;brief&quot;:&quot;Monthly newsletter for staff&quot;,&quot;content&quot;:&quot;Hello team, this month...&quot;},&quot;url&quot;:&quot;https://errors.pydantic.dev/2.13/v/missing&quot;}]}&#10;assert 422 == 200&#10; +  where 422 = &lt;Response [422]&gt;.status_code">backend/tests/test_iteration3_features.py:150: in test_score_with_request_type_succeeds
    assert r.status_code == 200, r.text
E   AssertionError: {"detail":[{"type":"missing","loc":["body","content_type"],"msg":"Field required","input":{"title":"TEST_IT3_score","request_type":"internal_newsletter","brief":"Monthly newsletter for staff","content":"Hello team, this month..."},"url":"https://errors.pydantic.dev/2.13/v/missing"}]}
E   assert 422 == 200
E    +  where 422 = &lt;Response [422]&gt;.status_code</failure></testcase><testcase classname="backend.tests.test_iteration3_features.TestScoreRequestType" name="test_score_with_old_content_type_fails" time="0.100"><failure message="AssertionError: Expected 422 for missing request_type, got 500: Internal Server Error&#10;assert 500 == 422&#10; +  where 500 = &lt;Response [500]&gt;.status_code">backend/tests/test_iteration3_features.py:158: in test_score_with_old_content_type_fails
    assert r.status_code == 422, f"Expected 422 for missing request_type, got {r.status_code}: {r.text}"
E   AssertionError: Expected 422 for missing request_type, got 500: Internal Server Error
E   assert 500 == 422
E    +  where 500 = &lt;Response [500]&gt;.status_code</failure></testcase><testcase classname="backend.tests.test_iteration3_features.TestSubmissionAssignment" name="test_create_assigns_to_specific_user" time="0.144" /><testcase classname="backend.tests.test_iteration3_features.TestSubmissionAssignment" name="test_create_missing_assigned_user_fails" time="0.103" /><testcase classname="backend.tests.test_iteration3_features.TestSubmissionAssignment" name="test_create_invalid_assigned_user_fails" time="0.138" /><testcase classname="backend.tests.test_iteration3_features.TestSubmissionAssignment" name="test_auto_approve_works_without_real_assignee" time="0.765" /><testcase classname="backend.tests.test_iteration3_features.TestSubmissionAssignment" name="test_assignment_notification_to_specific_user" time="0.347" /><testcase classname="backend.tests.test_iteration3_features.TestActionGating" name="test_accept_blocks_other_users_even_same_role" time="0.216"><failure message="AssertionError: Internal Server Error&#10;assert 500 == 200&#10; +  where 500 = &lt;Response [500]&gt;.status_code">backend/tests/test_iteration3_features.py:226: in test_accept_blocks_other_users_even_same_role
    assert reg.status_code == 200, reg.text
E   AssertionError: Internal Server Error
E   assert 500 == 200
E    +  where 500 = &lt;Response [500]&gt;.status_code</failure></testcase><testcase classname="backend.tests.test_iteration3_features.TestActionGating" name="test_accept_by_assigned_user_works" time="0.191" /><testcase classname="backend.tests.test_iteration3_features.TestActionGating" name="test_approve_blocks_other_users" time="0.338" /><testcase classname="backend.tests.test_iteration3_features.TestActionGating" name="test_request_revision_blocks_other_users" time="0.306" /><testcase classname="backend.tests.test_iteration3_features.TestEscalate" name="test_escalate_auto_picks_next_role" time="0.316" /><testcase classname="backend.tests.test_iteration3_features.TestEscalate" name="test_escalate_to_specific_user" time="0.103"><failure message="requests.exceptions.JSONDecodeError: Expecting value: line 1 column 1 (char 0)">/root/.venv/lib/python3.11/site-packages/requests/models.py:1116: in json
    return complexjson.loads(self.text, **kwargs)
           ^^^^^^^^^^^^^^^^^^^^^^^^^^^^^^^^^^^^^^
/usr/local/lib/python3.11/json/__init__.py:346: in loads
    return _default_decoder.decode(s)
           ^^^^^^^^^^^^^^^^^^^^^^^^^^
/usr/local/lib/python3.11/json/decoder.py:337: in decode
    obj, end = self.raw_decode(s, idx=_w(s, 0).end())
               ^^^^^^^^^^^^^^^^^^^^^^^^^^^^^^^^^^^^^^
/usr/local/lib/python3.11/json/decoder.py:355: in raw_decode
    raise JSONDecodeError("Expecting value", s, err.value) from None
E   json.decoder.JSONDecodeError: Expecting value: line 1 column 1 (char 0)

During handling of the above exception, another exception occurred:
backend/tests/test_iteration3_features.py:269: in test_escalate_to_specific_user
    alt_vp_id = reg.json()["user"]["id"]
                ^^^^^^^^^^
/root/.venv/lib/python3.11/site-packages/requests/models.py:1120: in json
    raise RequestsJSONDecodeError(e.msg, e.doc, e.pos)
E   requests.exceptions.JSONDecodeError: Expecting value: line 1 column 1 (char 0)</failure></testcase><testcase classname="backend.tests.test_iteration3_features.TestEscalate" name="test_escalate_to_wrong_role_user_fails" time="0.360" /><testcase classname="backend.tests.test_iteration3_features.TestEscalate" name="test_only_assigned_user_can_escalate" time="0.302" /><testcase classname="backend.tests.test_iteration3_features.TestForwardToCEO" name="test_forward_to_ceo_specific_user" time="0.400" /><testcase classname="backend.tests.test_iteration3_features.TestForwardToCEO" name="test_forward_to_ceo_blocks_non_assigned_vp" time="0.148"><failure message="requests.exceptions.JSONDecodeError: Expecting value: line 1 column 1 (char 0)">/root/.venv/lib/python3.11/site-packages/requests/models.py:1116: in json
    return complexjson.loads(self.text, **kwargs)
           ^^^^^^^^^^^^^^^^^^^^^^^^^^^^^^^^^^^^^^
/usr/local/lib/python3.11/json/__init__.py:346: in loads
    return _default_decoder.decode(s)
           ^^^^^^^^^^^^^^^^^^^^^^^^^^
/usr/local/lib/python3.11/json/decoder.py:337: in decode
    obj, end = self.raw_decode(s, idx=_w(s, 0).end())
               ^^^^^^^^^^^^^^^^^^^^^^^^^^^^^^^^^^^^^^
/usr/local/lib/python3.11/json/decoder.py:355: in raw_decode
    raise JSONDecodeError("Expecting value", s, err.value) from None
E   json.decoder.JSONDecodeError: Expecting value: line 1 column 1 (char 0)

During handling of the above exception, another exception occurred:
backend/tests/test_iteration3_features.py:314: in test_forward_to_ceo_blocks_non_assigned_vp
    alt_token = reg.json()["token"]
                ^^^^^^^^^^
/root/.venv/lib/python3.11/site-packages/requests/models.py:1120: in json
    raise RequestsJSONDecodeError(e.msg, e.doc, e.pos)
E   requests.exceptions.JSONDecodeError: Expecting value: line 1 column 1 (char 0)</failure></testcase><testcase classname="backend.tests.test_iteration3_features.TestNudge" name="test_nudge_notifies_only_assigned_user" time="0.787" /><testcase classname="backend.tests.test_iteration3_features.TestProposeTimeline" name="test_propose_by_assigned_notifies_submitter" time="0.321" /><testcase classname="backend.tests.test_iteration3_features.TestProposeTimeline" name="test_propose_by_non_party_forbidden" time="0.198" /><testcase classname="backend.tests.test_iteration3_features.TestScheduler" name="test_scheduler_notifies_specific_user" time="0.414" /></testsuite></testsuites>