<?xml version="1.0" encoding="utf-8"?><testsuites name="pytest tests"><testsuite name="pytest" errors="0" failures="0" skipped="0" tests="39" time="9.194" timestamp="2026-06-16T07:22:57.610197+00:00" hostname="agent-env-7d801fd9-34e6-4069-afd7-ac7a6a3fb50c"><testcase classname="backend.tests.test_iteration2_features.TestVPRole" name="test_vp_login" time="2.109" /><testcase classname="backend.tests.test_iteration2_features.TestVPRole" name="test_vp_me" time="0.092" /><testcase classname="backend.tests.test_iteration2_features.TestSubmissionRouting" name="test_auto_approve_skips_chain" time="0.129" /><testcase classname="backend.tests.test_iteration2_features.TestSubmissionRouting" name="test_product_only_assigns_reviewer" time="0.098" /><testcase classname="backend.tests.test_iteration2_features.TestSubmissionRouting" name="test_ceo_required_assigns_vp" time="0.098" /><testcase classname="backend.tests.test_iteration2_features.TestSubmissionRouting" name="test_create_missing_timeline_422" time="0.098" /><testcase classname="backend.tests.test_iteration2_features.TestNotifications" name="test_reviewer_notified_on_product_only" time="0.099" /><testcase classname="backend.tests.test_iteration2_features.TestNotifications" name="test_vp_notified_on_ceo_required" time="0.096" /><testcase classname="backend.tests.test_iteration2_features.TestNotifications" name="test_notifications_unread_only_filter" time="0.096" /><testcase classname="backend.tests.test_iteration2_features.TestNotifications" name="test_mark_single_read" time="0.367" /><testcase classname="backend.tests.test_iteration2_features.TestNotifications" name="test_mark_all_read" time="0.195" /><testcase classname="backend.tests.test_iteration2_features.TestAccept" name="test_wrong_role_cannot_accept" time="0.098" /><testcase classname="backend.tests.test_iteration2_features.TestAccept" name="test_lead_cannot_accept_product_only" time="0.109" /><testcase classname="backend.tests.test_iteration2_features.TestAccept" name="test_reviewer_accepts_product_only" time="0.136" /><testcase classname="backend.tests.test_iteration2_features.TestAccept" name="test_cannot_accept_already_in_progress" time="0.095" /><testcase classname="backend.tests.test_iteration2_features.TestAccept" name="test_submitter_notified_on_accept" time="0.095" /><testcase classname="backend.tests.test_iteration2_features.TestProposeAgreeTimeline" name="test_reviewer_proposes" time="0.101" /><testcase classname="backend.tests.test_iteration2_features.TestProposeAgreeTimeline" name="test_unrelated_user_403" time="0.097" /><testcase classname="backend.tests.test_iteration2_features.TestProposeAgreeTimeline" name="test_proposer_cannot_self_agree" time="0.097" /><testcase classname="backend.tests.test_iteration2_features.TestProposeAgreeTimeline" name="test_submitter_agrees" time="0.103" /><testcase classname="backend.tests.test_iteration2_features.TestProposeAgreeTimeline" name="test_agree_without_proposal_400" time="0.096" /><testcase classname="backend.tests.test_iteration2_features.TestForwardToCEO" name="test_non_vp_cannot_forward" time="0.102" /><testcase classname="backend.tests.test_iteration2_features.TestForwardToCEO" name="test_ceo_cannot_forward" time="0.099" /><testcase classname="backend.tests.test_iteration2_features.TestForwardToCEO" name="test_vp_forwards_pending_to_ceo" time="0.146" /><testcase classname="backend.tests.test_iteration2_features.TestForwardToCEO" name="test_ceo_accepts_forwarded" time="0.104" /><testcase classname="backend.tests.test_iteration2_features.TestApprove" name="test_vp_can_approve" time="0.430" /><testcase classname="backend.tests.test_iteration2_features.TestMarkLive" name="test_mark_live_non_approved_400" time="0.099" /><testcase classname="backend.tests.test_iteration2_features.TestMarkLive" name="test_mark_live_approved_ok" time="0.212" /><testcase classname="backend.tests.test_iteration2_features.TestEscalateOneLevel" name="test_submitter_cannot_escalate" time="0.194" /><testcase classname="backend.tests.test_iteration2_features.TestEscalateOneLevel" name="test_reviewer_escalates_to_marketing_lead" time="0.203" /><testcase classname="backend.tests.test_iteration2_features.TestEscalateOneLevel" name="test_lead_escalates_to_vp" time="0.207" /><testcase classname="backend.tests.test_iteration2_features.TestEscalateOneLevel" name="test_vp_cannot_use_escalate" time="0.198" /><testcase classname="backend.tests.test_iteration2_features.TestEscalateOneLevel" name="test_ceo_cannot_use_escalate" time="0.188" /><testcase classname="backend.tests.test_iteration2_features.TestLiveAnnotations" name="test_list_includes_timeline_fields" time="0.100" /><testcase classname="backend.tests.test_iteration2_features.TestLiveAnnotations" name="test_get_single_annotates" time="0.101" /><testcase classname="backend.tests.test_iteration2_features.TestScheduler" name="test_scheduler_fires_nudge_accept" time="0.599" /><testcase classname="backend.tests.test_iteration2_features.TestScheduler" name="test_scheduler_dedupes_same_day" time="0.894" /><testcase classname="backend.tests.test_iteration2_features.TestScheduler" name="test_scheduler_nudge_review" time="0.402" /><testcase classname="backend.tests.test_iteration2_features.TestScheduler" name="test_scheduler_auto_escalates_at_80pct" time="0.295" /></testsuite></testsuites>