<?xml version="1.0" encoding="utf-8"?><testsuites name="pytest tests"><testsuite name="pytest" errors="0" failures="1" skipped="0" tests="26" time="17.330" timestamp="2026-06-17T00:08:27.241621+00:00" hostname="agent-env-7d801fd9-34e6-4069-afd7-ac7a6a3fb50c"><testcase classname="backend.tests.test_iteration3_features.TestUserTeamDesignation" name="test_login_returns_team_designation" time="2.142" /><testcase classname="backend.tests.test_iteration3_features.TestUserTeamDesignation" name="test_me_returns_team_designation" time="0.112" /><testcase classname="backend.tests.test_iteration3_features.TestUserTeamDesignation" name="test_users_list_has_team_designation" time="0.164" /><testcase classname="backend.tests.test_iteration3_features.TestUserTeamDesignation" name="test_register_accepts_team_designation" time="0.354" /><testcase classname="backend.tests.test_iteration3_features.TestUserTeamDesignation" name="test_register_defaults_team_designation_empty" time="0.353" /><testcase classname="backend.tests.test_iteration3_features.TestScoreRequestType" name="test_score_with_request_type_succeeds" time="6.755" /><testcase classname="backend.tests.test_iteration3_features.TestScoreRequestType" name="test_score_with_old_content_type_fails" time="0.126" /><testcase classname="backend.tests.test_iteration3_features.TestSubmissionAssignment" name="test_create_assigns_to_specific_user" time="0.113" /><testcase classname="backend.tests.test_iteration3_features.TestSubmissionAssignment" name="test_create_missing_assigned_user_fails" time="0.098"><failure message="assert 400 == 422&#10; +  where 400 = &lt;Response [400]&gt;.status_code">backend/tests/test_iteration3_features.py:184: in test_create_missing_assigned_user_fails
    assert r.status_code == 422
E   assert 400 == 422
E    +  where 400 = &lt;Response [400]&gt;.status_code</failure></testcase><testcase classname="backend.tests.test_iteration3_features.TestSubmissionAssignment" name="test_create_invalid_assigned_user_fails" time="0.122" /><testcase classname="backend.tests.test_iteration3_features.TestSubmissionAssignment" name="test_auto_approve_works_without_real_assignee" time="0.110" /><testcase classname="backend.tests.test_iteration3_features.TestSubmissionAssignment" name="test_assignment_notification_to_specific_user" time="0.338" /><testcase classname="backend.tests.test_iteration3_features.TestActionGating" name="test_accept_blocks_other_users_even_same_role" time="0.544" /><testcase classname="backend.tests.test_iteration3_features.TestActionGating" name="test_accept_by_assigned_user_works" time="0.263" /><testcase classname="backend.tests.test_iteration3_features.TestActionGating" name="test_approve_blocks_other_users" time="0.360" /><testcase classname="backend.tests.test_iteration3_features.TestActionGating" name="test_request_revision_blocks_other_users" time="0.323" /><testcase classname="backend.tests.test_iteration3_features.TestEscalate" name="test_escalate_auto_picks_next_role" time="0.345" /><testcase classname="backend.tests.test_iteration3_features.TestEscalate" name="test_escalate_to_specific_user" time="0.691" /><testcase classname="backend.tests.test_iteration3_features.TestEscalate" name="test_escalate_to_wrong_role_user_fails" time="0.377" /><testcase classname="backend.tests.test_iteration3_features.TestEscalate" name="test_only_assigned_user_can_escalate" time="0.399" /><testcase classname="backend.tests.test_iteration3_features.TestForwardToCEO" name="test_forward_to_ceo_specific_user" time="0.463" /><testcase classname="backend.tests.test_iteration3_features.TestForwardToCEO" name="test_forward_to_ceo_blocks_non_assigned_vp" time="0.669" /><testcase classname="backend.tests.test_iteration3_features.TestNudge" name="test_nudge_notifies_only_assigned_user" time="0.827" /><testcase classname="backend.tests.test_iteration3_features.TestProposeTimeline" name="test_propose_by_assigned_notifies_submitter" time="0.384" /><testcase classname="backend.tests.test_iteration3_features.TestProposeTimeline" name="test_propose_by_non_party_forbidden" time="0.215" /><testcase classname="backend.tests.test_iteration3_features.TestScheduler" name="test_scheduler_notifies_specific_user" time="0.424" /></testsuite></testsuites>