<?xml version="1.0" encoding="utf-8"?><testsuites name="pytest tests"><testsuite name="pytest" errors="0" failures="0" skipped="0" tests="16" time="9.579" timestamp="2026-06-17T00:37:43.765419+00:00" hostname="agent-env-7d801fd9-34e6-4069-afd7-ac7a6a3fb50c"><testcase classname="backend.tests.test_iteration6_features.TestApproveTerminalGuards" name="test_approve_from_approved_returns_400" time="2.289" /><testcase classname="backend.tests.test_iteration6_features.TestApproveTerminalGuards" name="test_approve_from_revision_requested_returns_400" time="0.466" /><testcase classname="backend.tests.test_iteration6_features.TestApproveTerminalGuards" name="test_approve_from_live_returns_400" time="0.546" /><testcase classname="backend.tests.test_iteration6_features.TestRequestRevisionTerminalGuards" name="test_revision_from_approved_returns_400" time="0.412" /><testcase classname="backend.tests.test_iteration6_features.TestRequestRevisionTerminalGuards" name="test_revision_from_revision_requested_returns_400" time="0.428" /><testcase classname="backend.tests.test_iteration6_features.TestRequestRevisionTerminalGuards" name="test_revision_from_live_returns_400" time="0.502" /><testcase classname="backend.tests.test_iteration6_features.TestApproveAndForwardTerminalGuards" name="test_forward_from_approved_returns_400" time="0.406" /><testcase classname="backend.tests.test_iteration6_features.TestApproveAndForwardTerminalGuards" name="test_forward_from_revision_requested_returns_400" time="0.468" /><testcase classname="backend.tests.test_iteration6_features.TestApproveAndForwardTerminalGuards" name="test_forward_from_live_returns_400" time="0.511" /><testcase classname="backend.tests.test_iteration6_features.TestApproveValidStatusesAndStepTimeline" name="test_approve_from_pending_acceptance" time="0.201" /><testcase classname="backend.tests.test_iteration6_features.TestApproveValidStatusesAndStepTimeline" name="test_approve_from_in_progress" time="0.356" /><testcase classname="backend.tests.test_iteration6_features.TestApproveForwardPerStepTimeline" name="test_forward_with_timeline_replaces_submission_timeline" time="0.341" /><testcase classname="backend.tests.test_iteration6_features.TestApproveForwardPerStepTimeline" name="test_forward_without_timeline_keeps_existing" time="0.333" /><testcase classname="backend.tests.test_iteration6_features.TestApproveForwardPerStepTimeline" name="test_auto_nudges_sent_reset_on_forward" time="0.316" /><testcase classname="backend.tests.test_iteration6_features.TestEndToEndChainPerStepSLAs" name="test_three_step_chain_with_per_step_timelines" time="1.366" /><testcase classname="backend.tests.test_iteration6_features.TestSchedulerUsesCurrentTimeline" name="test_scheduler_fires_auto_nudge_accept_using_new_timeline" time="0.531" /></testsuite></testsuites>