<?xml version="1.0" encoding="utf-8"?><testsuites name="pytest tests"><testsuite name="pytest" errors="0" failures="0" skipped="0" tests="23" time="7.938" timestamp="2026-06-17T00:29:00.217257+00:00" hostname="agent-env-7d801fd9-34e6-4069-afd7-ac7a6a3fb50c"><testcase classname="backend.tests.test_iteration5_features.TestAnalyticsOverviewGating" name="test_submitter_gets_403" time="1.901" /><testcase classname="backend.tests.test_iteration5_features.TestAnalyticsOverviewGating" name="test_reviewer_gets_403" time="0.101" /><testcase classname="backend.tests.test_iteration5_features.TestAnalyticsOverviewGating" name="test_marketing_lead_gets_403" time="0.138" /><testcase classname="backend.tests.test_iteration5_features.TestAnalyticsOverviewGating" name="test_vp_gets_200" time="0.103" /><testcase classname="backend.tests.test_iteration5_features.TestAnalyticsOverviewGating" name="test_ceo_gets_200" time="0.162" /><testcase classname="backend.tests.test_iteration5_features.TestDashboardStats" name="test_all_roles_can_read[submitter]" time="0.108" /><testcase classname="backend.tests.test_iteration5_features.TestDashboardStats" name="test_all_roles_can_read[reviewer]" time="0.102" /><testcase classname="backend.tests.test_iteration5_features.TestDashboardStats" name="test_all_roles_can_read[lead]" time="0.103" /><testcase classname="backend.tests.test_iteration5_features.TestDashboardStats" name="test_all_roles_can_read[vp]" time="0.139" /><testcase classname="backend.tests.test_iteration5_features.TestDashboardStats" name="test_all_roles_can_read[ceo]" time="0.156" /><testcase classname="backend.tests.test_iteration5_features.TestApproveAndForwardGuards" name="test_unauthenticated_rejected" time="0.127" /><testcase classname="backend.tests.test_iteration5_features.TestApproveAndForwardGuards" name="test_submitter_role_rejected" time="0.198" /><testcase classname="backend.tests.test_iteration5_features.TestApproveAndForwardGuards" name="test_ceo_cannot_forward" time="0.298" /><testcase classname="backend.tests.test_iteration5_features.TestApproveAndForwardGuards" name="test_missing_assigned_user_id_rejected" time="0.358" /><testcase classname="backend.tests.test_iteration5_features.TestApproveAndForwardGuards" name="test_non_assigned_user_rejected" time="0.330" /><testcase classname="backend.tests.test_iteration5_features.TestApproveAndForwardGuards" name="test_submitter_target_rejected" time="0.322" /><testcase classname="backend.tests.test_iteration5_features.TestApproveAndForwardGuards" name="test_self_target_rejected" time="0.389" /><testcase classname="backend.tests.test_iteration5_features.TestApproveAndForwardGuards" name="test_target_user_not_found_rejected" time="0.349" /><testcase classname="backend.tests.test_iteration5_features.TestApproveAndForwardSuccess" name="test_forwards_and_updates_state" time="0.374" /><testcase classname="backend.tests.test_iteration5_features.TestApproveAndForwardSuccess" name="test_target_user_receives_assigned_notification" time="0.453" /><testcase classname="backend.tests.test_iteration5_features.TestApproveAndForwardSuccess" name="test_submitter_receives_approved_notification" time="0.444" /><testcase classname="backend.tests.test_iteration5_features.TestApproveClosesChain" name="test_approve_appends_closed_entry" time="0.325" /><testcase classname="backend.tests.test_iteration5_features.TestEndToEndChain" name="test_three_step_chain" time="0.842" /></testsuite></testsuites>