<?xml version="1.0" encoding="utf-8"?><testsuites name="pytest tests"><testsuite name="pytest" errors="0" failures="0" skipped="0" tests="40" time="55.938" timestamp="2026-06-17T01:12:44.821548+00:00" hostname="agent-env-7d801fd9-34e6-4069-afd7-ac7a6a3fb50c"><testcase classname="backend.tests.test_iteration5_features.TestAnalyticsOverviewGating" name="test_submitter_gets_403" time="1.785" /><testcase classname="backend.tests.test_iteration5_features.TestAnalyticsOverviewGating" name="test_reviewer_gets_403" time="0.124" /><testcase classname="backend.tests.test_iteration5_features.TestAnalyticsOverviewGating" name="test_marketing_lead_gets_403" time="0.119" /><testcase classname="backend.tests.test_iteration5_features.TestAnalyticsOverviewGating" name="test_vp_gets_200" time="0.098" /><testcase classname="backend.tests.test_iteration5_features.TestAnalyticsOverviewGating" name="test_ceo_gets_200" time="0.098" /><testcase classname="backend.tests.test_iteration5_features.TestDashboardStats" name="test_all_roles_can_read[submitter]" time="0.109" /><testcase classname="backend.tests.test_iteration5_features.TestDashboardStats" name="test_all_roles_can_read[reviewer]" time="0.104" /><testcase classname="backend.tests.test_iteration5_features.TestDashboardStats" name="test_all_roles_can_read[lead]" time="0.127" /><testcase classname="backend.tests.test_iteration5_features.TestDashboardStats" name="test_all_roles_can_read[vp]" time="0.097" /><testcase classname="backend.tests.test_iteration5_features.TestDashboardStats" name="test_all_roles_can_read[ceo]" time="0.101" /><testcase classname="backend.tests.test_iteration5_features.TestApproveAndForwardGuards" name="test_unauthenticated_rejected" time="0.104" /><testcase classname="backend.tests.test_iteration5_features.TestApproveAndForwardGuards" name="test_submitter_role_rejected" time="0.213" /><testcase classname="backend.tests.test_iteration5_features.TestApproveAndForwardGuards" name="test_ceo_cannot_forward" time="0.297" /><testcase classname="backend.tests.test_iteration5_features.TestApproveAndForwardGuards" name="test_missing_assigned_user_id_rejected" time="0.311" /><testcase classname="backend.tests.test_iteration5_features.TestApproveAndForwardGuards" name="test_non_assigned_user_rejected" time="0.304" /><testcase classname="backend.tests.test_iteration5_features.TestApproveAndForwardGuards" name="test_submitter_target_rejected" time="0.297" /><testcase classname="backend.tests.test_iteration5_features.TestApproveAndForwardGuards" name="test_self_target_rejected" time="19.714" /><testcase classname="backend.tests.test_iteration5_features.TestApproveAndForwardGuards" name="test_target_user_not_found_rejected" time="0.352" /><testcase classname="backend.tests.test_iteration5_features.TestApproveAndForwardSuccess" name="test_forwards_and_updates_state" time="0.338" /><testcase classname="backend.tests.test_iteration5_features.TestApproveAndForwardSuccess" name="test_target_user_receives_assigned_notification" time="0.410" /><testcase classname="backend.tests.test_iteration5_features.TestApproveAndForwardSuccess" name="test_submitter_receives_forwarded_notification" time="0.420" /><testcase classname="backend.tests.test_iteration5_features.TestApproveAndForwardSuccess" name="test_closing_approve_still_emits_approved_kind" time="0.649" /><testcase classname="backend.tests.test_iteration5_features.TestApproveClosesChain" name="test_approve_appends_closed_entry" time="0.340" /><testcase classname="backend.tests.test_iteration5_features.TestEndToEndChain" name="test_three_step_chain" time="0.696" /><testcase classname="backend.tests.test_iteration6_features.TestApproveTerminalGuards" name="test_approve_from_approved_returns_400" time="2.068" /><testcase classname="backend.tests.test_iteration6_features.TestApproveTerminalGuards" name="test_approve_from_revision_requested_returns_400" time="0.438" /><testcase classname="backend.tests.test_iteration6_features.TestApproveTerminalGuards" name="test_approve_from_live_returns_400" time="0.531" /><testcase classname="backend.tests.test_iteration6_features.TestRequestRevisionTerminalGuards" name="test_revision_from_approved_returns_400" time="0.416" /><testcase classname="backend.tests.test_iteration6_features.TestRequestRevisionTerminalGuards" name="test_revision_from_revision_requested_returns_400" time="0.417" /><testcase classname="backend.tests.test_iteration6_features.TestRequestRevisionTerminalGuards" name="test_revision_from_live_returns_400" time="0.511" /><testcase classname="backend.tests.test_iteration6_features.TestApproveAndForwardTerminalGuards" name="test_forward_from_approved_returns_400" time="0.410" /><testcase classname="backend.tests.test_iteration6_features.TestApproveAndForwardTerminalGuards" name="test_forward_from_revision_requested_returns_400" time="0.446" /><testcase classname="backend.tests.test_iteration6_features.TestApproveAndForwardTerminalGuards" name="test_forward_from_live_returns_400" time="0.521" /><testcase classname="backend.tests.test_iteration6_features.TestApproveValidStatusesAndStepTimeline" name="test_approve_from_pending_acceptance" time="0.199" /><testcase classname="backend.tests.test_iteration6_features.TestApproveValidStatusesAndStepTimeline" name="test_approve_from_in_progress" time="0.302" /><testcase classname="backend.tests.test_iteration6_features.TestApproveForwardPerStepTimeline" name="test_forward_with_timeline_replaces_submission_timeline" time="0.306" /><testcase classname="backend.tests.test_iteration6_features.TestApproveForwardPerStepTimeline" name="test_forward_without_timeline_keeps_existing" time="20.409" /><testcase classname="backend.tests.test_iteration6_features.TestApproveForwardPerStepTimeline" name="test_auto_nudges_sent_reset_on_forward" time="0.336" /><testcase classname="backend.tests.test_iteration6_features.TestEndToEndChainPerStepSLAs" name="test_three_step_chain_with_per_step_timelines" time="0.746" /><testcase classname="backend.tests.test_iteration6_features.TestSchedulerUsesCurrentTimeline" name="test_scheduler_fires_auto_nudge_accept_using_new_timeline" time="0.542" /></testsuite></testsuites>