<?xml version="1.0" encoding="utf-8"?><testsuites name="pytest tests"><testsuite name="pytest" errors="0" failures="0" skipped="0" tests="22" time="20.220" timestamp="2026-06-16T01:32:54.615236+00:00" hostname="agent-env-7d801fd9-34e6-4069-afd7-ac7a6a3fb50c"><testcase classname="backend.tests.test_content_approval.TestAuth" name="test_login_all_roles" time="3.734" /><testcase classname="backend.tests.test_content_approval.TestAuth" name="test_login_invalid" time="1.546" /><testcase classname="backend.tests.test_content_approval.TestAuth" name="test_me" time="0.164" /><testcase classname="backend.tests.test_content_approval.TestAuth" name="test_me_no_token" time="0.329" /><testcase classname="backend.tests.test_content_approval.TestAuth" name="test_register_duplicate" time="0.105" /><testcase classname="backend.tests.test_content_approval.TestScore" name="test_score_requires_auth" time="0.093" /><testcase classname="backend.tests.test_content_approval.TestScore" name="test_score_routine" time="4.232" /><testcase classname="backend.tests.test_content_approval.TestScore" name="test_score_risky" time="8.127" /><testcase classname="backend.tests.test_content_approval.TestSubmissions" name="test_create_auto_approve" time="0.140" /><testcase classname="backend.tests.test_content_approval.TestSubmissions" name="test_create_product_only" time="0.139" /><testcase classname="backend.tests.test_content_approval.TestSubmissions" name="test_create_ceo_required" time="0.162" /><testcase classname="backend.tests.test_content_approval.TestSubmissions" name="test_list_submissions" time="0.093" /><testcase classname="backend.tests.test_content_approval.TestSubmissions" name="test_list_filter" time="0.096" /><testcase classname="backend.tests.test_content_approval.TestSubmissions" name="test_get_single" time="0.098" /><testcase classname="backend.tests.test_content_approval.TestSubmissions" name="test_get_404" time="0.094" /><testcase classname="backend.tests.test_content_approval.TestSubmissions" name="test_submitter_cannot_approve" time="0.096" /><testcase classname="backend.tests.test_content_approval.TestSubmissions" name="test_reviewer_approves" time="0.100" /><testcase classname="backend.tests.test_content_approval.TestSubmissions" name="test_request_revision" time="0.118" /><testcase classname="backend.tests.test_content_approval.TestSubmissions" name="test_escalate" time="0.208" /><testcase classname="backend.tests.test_content_approval.TestSubmissions" name="test_mark_live" time="0.097" /><testcase classname="backend.tests.test_content_approval.TestSubmissions" name="test_nudge" time="0.200" /><testcase classname="backend.tests.test_content_approval.TestAnalytics" name="test_overview" time="0.096" /></testsuite></testsuites>